{
  "stats": {
    "suites": 1,
    "tests": 3,
    "passes": 2,
    "pending": 0,
    "failures": 1,
    "start": "2025-01-10T18:25:53.223Z",
    "end": "2025-01-10T18:26:04.285Z",
    "duration": 11062,
    "testsRegistered": 3,
    "passPercent": 66.66666666666666,
    "pendingPercent": 0,
    "other": 0,
    "hasOther": false,
    "skipped": 0,
    "hasSkipped": false
  },
  "results": [
    {
      "uuid": "9c424eaa-5e25-42c7-bfe9-38e4ff9e65b6",
      "title": "",
      "fullFile": "cypress/e2e/home.cy.js",
      "file": "cypress/e2e/home.cy.js",
      "beforeHooks": [],
      "afterHooks": [],
      "tests": [],
      "suites": [
        {
          "uuid": "ea395338-dcfe-45fc-8cba-4779067144e8",
          "title": "Test de la page d'accueil",
          "fullFile": "",
          "file": "",
          "beforeHooks": [],
          "afterHooks": [],
          "tests": [
            {
              "title": "devrait charger la page d'accueil correctement",
              "fullTitle": "Test de la page d'accueil devrait charger la page d'accueil correctement",
              "timedOut": null,
              "duration": 519,
              "state": "passed",
              "speed": "fast",
              "pass": true,
              "fail": false,
              "pending": false,
              "context": null,
              "code": "cy.visit('http://localhost:8080');\ncy.get('.main-header').should('exist');\ncy.get('.logo').should('exist');\ncy.get('.nav-center').should('exist');",
              "err": {},
              "uuid": "b3cab1f2-0e15-408c-81a3-99d1fbfea5bb",
              "parentUUID": "ea395338-dcfe-45fc-8cba-4779067144e8",
              "isHook": false,
              "skipped": false
            },
            {
              "title": "devrait pouvoir naviguer vers le formulaire d'ajout",
              "fullTitle": "Test de la page d'accueil devrait pouvoir naviguer vers le formulaire d'ajout",
              "timedOut": null,
              "duration": 4987,
              "state": "passed",
              "speed": "fast",
              "pass": true,
              "fail": false,
              "pending": false,
              "context": null,
              "code": "cy.login();\ncy.get('.nav-center a').contains('Ajouter un Appareil').click();\ncy.url().should('include', '/add-device');",
              "err": {},
              "uuid": "4ab049b6-f3d5-42ac-9fbf-d124414d1f41",
              "parentUUID": "ea395338-dcfe-45fc-8cba-4779067144e8",
              "isHook": false,
              "skipped": false
            },
            {
              "title": "devrait pouvoir ajouter un nouvel appareil",
              "fullTitle": "Test de la page d'accueil devrait pouvoir ajouter un nouvel appareil",
              "timedOut": null,
              "duration": 4720,
              "state": "failed",
              "speed": null,
              "pass": false,
              "fail": true,
              "pending": false,
              "context": null,
              "code": "cy.login();\ncy.get('.nav-center a').contains('Ajouter un Appareil').click();\n// Remplir le formulaire\ncy.get('input[name=\"name\"]').type('Appareil Test');\ncy.get('input[name=\"quantity\"]').type('1');\ncy.get('input[name=\"description\"]').type('Description test');\ncy.get('input[name=\"imageUrl\"]').type('https://example.com/image.jpg');\n// Soumettre le formulaire\ncy.contains('button', 'Ajouter').click();\n// Vérifier qu'on est redirigé vers la liste des appareils\ncy.url().should('include', '/devices');",
              "err": {
                "message": "AssertionError: Timed out retrying after 4000ms: Expected to find element: `#password`, but never found it.",
                "estack": "AssertionError: Timed out retrying after 4000ms: Expected to find element: `#password`, but never found it.\n    at Context.eval (webpack://test_securite/./cypress/support/commands.js:20:5)",
                "diff": null
              },
              "uuid": "e4dcf933-2d32-4f5c-af3e-12ee8eea618c",
              "parentUUID": "ea395338-dcfe-45fc-8cba-4779067144e8",
              "isHook": false,
              "skipped": false
            }
          ],
          "suites": [],
          "passes": [
            "b3cab1f2-0e15-408c-81a3-99d1fbfea5bb",
            "4ab049b6-f3d5-42ac-9fbf-d124414d1f41"
          ],
          "failures": [
            "e4dcf933-2d32-4f5c-af3e-12ee8eea618c"
          ],
          "pending": [],
          "skipped": [],
          "duration": 10226,
          "root": false,
          "rootEmpty": false,
          "_timeout": 2000
        }
      ],
      "passes": [],
      "failures": [],
      "pending": [],
      "skipped": [],
      "duration": 0,
      "root": true,
      "rootEmpty": true,
      "_timeout": 2000
    }
  ],
  "meta": {
    "mocha": {
      "version": "7.0.1"
    },
    "mochawesome": {
      "options": {
        "quiet": false,
        "reportFilename": "mochawesome",
        "saveHtml": true,
        "saveJson": true,
        "consoleReporter": "spec",
        "useInlineDiffs": false,
        "code": true
      },
      "version": "7.1.3"
    },
    "marge": {
      "options": {
        "reportDir": "cypress/reports",
        "overwrite": false,
        "html": true,
        "json": true
      },
      "version": "6.2.0"
    }
  }
}