{
  "stats": {
    "suites": 1,
    "tests": 3,
    "passes": 2,
    "pending": 0,
    "failures": 1,
    "start": "2025-01-10T18:19:35.870Z",
    "end": "2025-01-10T18:19:42.985Z",
    "duration": 7115,
    "testsRegistered": 3,
    "passPercent": 66.66666666666666,
    "pendingPercent": 0,
    "other": 0,
    "hasOther": false,
    "skipped": 0,
    "hasSkipped": false
  },
  "results": [
    {
      "uuid": "f09cff75-2efd-4611-8914-22b20864a24d",
      "title": "",
      "fullFile": "cypress/e2e/home.cy.js",
      "file": "cypress/e2e/home.cy.js",
      "beforeHooks": [],
      "afterHooks": [],
      "tests": [],
      "suites": [
        {
          "uuid": "545c90ca-4abe-4bc2-8b2c-f738f8ba27a3",
          "title": "Test de la page d'accueil",
          "fullFile": "",
          "file": "",
          "beforeHooks": [],
          "afterHooks": [],
          "tests": [
            {
              "title": "devrait charger la page d'accueil correctement",
              "fullTitle": "Test de la page d'accueil devrait charger la page d'accueil correctement",
              "timedOut": null,
              "duration": 523,
              "state": "passed",
              "speed": "fast",
              "pass": true,
              "fail": false,
              "pending": false,
              "context": null,
              "code": "cy.visit('http://localhost:8080');\ncy.get('.main-header').should('exist');\ncy.get('.logo').should('exist');\ncy.get('.nav-center').should('exist');",
              "err": {},
              "uuid": "7ddda4ee-ab18-4b2e-9b41-632b57633e50",
              "parentUUID": "545c90ca-4abe-4bc2-8b2c-f738f8ba27a3",
              "isHook": false,
              "skipped": false
            },
            {
              "title": "devrait pouvoir naviguer vers le formulaire d'ajout",
              "fullTitle": "Test de la page d'accueil devrait pouvoir naviguer vers le formulaire d'ajout",
              "timedOut": null,
              "duration": 4896,
              "state": "passed",
              "speed": "fast",
              "pass": true,
              "fail": false,
              "pending": false,
              "context": null,
              "code": "cy.login();\ncy.get('.nav-center a').contains('Ajouter un Appareil').click();\ncy.url().should('include', '/add-device');",
              "err": {},
              "uuid": "ed47ad6d-bb9d-487a-b492-06fc950fa3f1",
              "parentUUID": "545c90ca-4abe-4bc2-8b2c-f738f8ba27a3",
              "isHook": false,
              "skipped": false
            },
            {
              "title": "devrait pouvoir ajouter un nouvel appareil",
              "fullTitle": "Test de la page d'accueil devrait pouvoir ajouter un nouvel appareil",
              "timedOut": null,
              "duration": 809,
              "state": "failed",
              "speed": null,
              "pass": false,
              "fail": true,
              "pending": false,
              "context": null,
              "code": "cy.login();\ncy.get('.nav-center a').contains('Ajouter un Appareil').click();\n// Remplir le formulaire\ncy.get('input[name=\"name\"]').type('Appareil Test');\ncy.get('input[name=\"quantity\"]').type('1');\ncy.get('input[name=\"description\"]').type('Description test');\ncy.get('input[name=\"imageUrl\"]').type('https://example.com/image.jpg');\n// Soumettre le formulaire\ncy.contains('button', 'Ajouter').click();\n// Vérifier qu'on est redirigé vers la liste des appareils\ncy.url().should('include', '/devices');",
              "err": {
                "message": "CypressError: Typing into a `date` input with `cy.type()` requires a valid date with the format `YYYY-MM-DD`. You passed: `TP2test&securiT*123`\n\nhttps://on.cypress.io/type",
                "estack": "CypressError: Typing into a `date` input with `cy.type()` requires a valid date with the format `YYYY-MM-DD`. You passed: `TP2test&securiT*123`\n\nhttps://on.cypress.io/type\n    at validateTyping (http://localhost:8080/__cypress/runner/cypress_runner.js:116275:66)\n    at <unknown> (http://localhost:8080/__cypress/runner/cypress_runner.js:116505:15)\n    at tryCatcher (http://localhost:8080/__cypress/runner/cypress_runner.js:1830:23)\n    at Promise.attempt.Promise.try (http://localhost:8080/__cypress/runner/cypress_runner.js:4338:29)\n    at <unknown> (http://localhost:8080/__cypress/runner/cypress_runner.js:116547:70)\n    at tryCatcher (http://localhost:8080/__cypress/runner/cypress_runner.js:1830:23)\n    at Object.gotValue (http://localhost:8080/__cypress/runner/cypress_runner.js:6499:18)\n    at Object.gotAccum (http://localhost:8080/__cypress/runner/cypress_runner.js:6488:25)\n    at Object.tryCatcher (http://localhost:8080/__cypress/runner/cypress_runner.js:1830:23)\n    at Promise._settlePromiseFromHandler (http://localhost:8080/__cypress/runner/cypress_runner.js:1542:31)\n    at Promise._settlePromise (http://localhost:8080/__cypress/runner/cypress_runner.js:1599:18)\n    at Promise._settlePromiseCtx (http://localhost:8080/__cypress/runner/cypress_runner.js:1636:10)\n    at _drainQueueStep (http://localhost:8080/__cypress/runner/cypress_runner.js:2434:12)\n    at _drainQueue (http://localhost:8080/__cypress/runner/cypress_runner.js:2423:9)\n    at Async._drainQueues (http://localhost:8080/__cypress/runner/cypress_runner.js:2439:5)\n    at Async.drainQueues (http://localhost:8080/__cypress/runner/cypress_runner.js:2309:14)\nFrom Your Spec Code:\n    at Context.eval (webpack://test_securite/./cypress/support/commands.js:15:25)",
                "diff": null
              },
              "uuid": "f6dfada6-55b2-49bd-9496-268956e91f07",
              "parentUUID": "545c90ca-4abe-4bc2-8b2c-f738f8ba27a3",
              "isHook": false,
              "skipped": false
            }
          ],
          "suites": [],
          "passes": [
            "7ddda4ee-ab18-4b2e-9b41-632b57633e50",
            "ed47ad6d-bb9d-487a-b492-06fc950fa3f1"
          ],
          "failures": [
            "f6dfada6-55b2-49bd-9496-268956e91f07"
          ],
          "pending": [],
          "skipped": [],
          "duration": 6228,
          "root": false,
          "rootEmpty": false,
          "_timeout": 2000
        }
      ],
      "passes": [],
      "failures": [],
      "pending": [],
      "skipped": [],
      "duration": 0,
      "root": true,
      "rootEmpty": true,
      "_timeout": 2000
    }
  ],
  "meta": {
    "mocha": {
      "version": "7.0.1"
    },
    "mochawesome": {
      "options": {
        "quiet": false,
        "reportFilename": "mochawesome",
        "saveHtml": true,
        "saveJson": true,
        "consoleReporter": "spec",
        "useInlineDiffs": false,
        "code": true
      },
      "version": "7.1.3"
    },
    "marge": {
      "options": {
        "reportDir": "cypress/reports",
        "overwrite": false,
        "html": true,
        "json": true
      },
      "version": "6.2.0"
    }
  }
}