{
  "stats": {
    "suites": 1,
    "tests": 3,
    "passes": 1,
    "pending": 0,
    "failures": 2,
    "start": "2025-01-10T18:28:30.874Z",
    "end": "2025-01-10T18:28:42.219Z",
    "duration": 11345,
    "testsRegistered": 3,
    "passPercent": 33.33333333333333,
    "pendingPercent": 0,
    "other": 0,
    "hasOther": false,
    "skipped": 0,
    "hasSkipped": false
  },
  "results": [
    {
      "uuid": "02019a52-6e78-4771-bd84-ac6a8bf0c4af",
      "title": "",
      "fullFile": "cypress/e2e/home.cy.js",
      "file": "cypress/e2e/home.cy.js",
      "beforeHooks": [],
      "afterHooks": [],
      "tests": [],
      "suites": [
        {
          "uuid": "ab29a136-3eed-4a18-8929-c48f950ac3ce",
          "title": "Test de la page d'accueil",
          "fullFile": "",
          "file": "",
          "beforeHooks": [],
          "afterHooks": [],
          "tests": [
            {
              "title": "devrait charger la page d'accueil correctement",
              "fullTitle": "Test de la page d'accueil devrait charger la page d'accueil correctement",
              "timedOut": null,
              "duration": 519,
              "state": "passed",
              "speed": "fast",
              "pass": true,
              "fail": false,
              "pending": false,
              "context": null,
              "code": "cy.visit('http://localhost:8080');\ncy.get('.main-header').should('exist');\ncy.get('.logo').should('exist');\ncy.get('.nav-center').should('exist');",
              "err": {},
              "uuid": "76f24277-a7bd-4f04-b84c-b3006de24671",
              "parentUUID": "ab29a136-3eed-4a18-8929-c48f950ac3ce",
              "isHook": false,
              "skipped": false
            },
            {
              "title": "devrait pouvoir naviguer vers le formulaire d'ajout",
              "fullTitle": "Test de la page d'accueil devrait pouvoir naviguer vers le formulaire d'ajout",
              "timedOut": null,
              "duration": 5282,
              "state": "failed",
              "speed": null,
              "pass": false,
              "fail": true,
              "pending": false,
              "context": null,
              "code": "cy.login();\ncy.get('.nav-center a').contains('Ajouter un Appareil').click();\ncy.url().should('include', '/add-device');",
              "err": {
                "message": "AssertionError: Timed out retrying after 4000ms: expected 'http://localhost:8080/auth' to include '/devices'",
                "estack": "AssertionError: Timed out retrying after 4000ms: expected 'http://localhost:8080/auth' to include '/devices'\n    at Context.eval (webpack://test_securite/./cypress/support/commands.js:26:11)",
                "diff": null
              },
              "uuid": "b51d60f3-063e-400a-86ba-b19469c086ff",
              "parentUUID": "ab29a136-3eed-4a18-8929-c48f950ac3ce",
              "isHook": false,
              "skipped": false
            },
            {
              "title": "devrait pouvoir ajouter un nouvel appareil",
              "fullTitle": "Test de la page d'accueil devrait pouvoir ajouter un nouvel appareil",
              "timedOut": null,
              "duration": 4701,
              "state": "failed",
              "speed": null,
              "pass": false,
              "fail": true,
              "pending": false,
              "context": null,
              "code": "cy.login();\ncy.get('.nav-center a').contains('Ajouter un Appareil').click();\n// Remplir le formulaire avec les IDs corrects\ncy.get('#name').type('Appareil Test');\ncy.get('#quantity').type('1');\ncy.get('#description').type('Description test');\ncy.get('#image').type('https://example.com/image.jpg');\n// Soumettre le formulaire\ncy.get('button[type=\"submit\"]').click();\n// Vérifier le message de succès\ncy.get('.add-device p').contains('Appareil ajouté avec succès').should('exist');",
              "err": {
                "message": "AssertionError: Timed out retrying after 4000ms: Expected to find element: `#password`, but never found it.",
                "estack": "AssertionError: Timed out retrying after 4000ms: Expected to find element: `#password`, but never found it.\n    at Context.eval (webpack://test_securite/./cypress/support/commands.js:20:22)",
                "diff": null
              },
              "uuid": "ef67d455-fd0f-4e9f-8f97-c9137b2f7254",
              "parentUUID": "ab29a136-3eed-4a18-8929-c48f950ac3ce",
              "isHook": false,
              "skipped": false
            }
          ],
          "suites": [],
          "passes": [
            "76f24277-a7bd-4f04-b84c-b3006de24671"
          ],
          "failures": [
            "b51d60f3-063e-400a-86ba-b19469c086ff",
            "ef67d455-fd0f-4e9f-8f97-c9137b2f7254"
          ],
          "pending": [],
          "skipped": [],
          "duration": 10502,
          "root": false,
          "rootEmpty": false,
          "_timeout": 2000
        }
      ],
      "passes": [],
      "failures": [],
      "pending": [],
      "skipped": [],
      "duration": 0,
      "root": true,
      "rootEmpty": true,
      "_timeout": 2000
    }
  ],
  "meta": {
    "mocha": {
      "version": "7.0.1"
    },
    "mochawesome": {
      "options": {
        "quiet": false,
        "reportFilename": "mochawesome",
        "saveHtml": true,
        "saveJson": true,
        "consoleReporter": "spec",
        "useInlineDiffs": false,
        "code": true
      },
      "version": "7.1.3"
    },
    "marge": {
      "options": {
        "reportDir": "cypress/reports",
        "overwrite": false,
        "html": true,
        "json": true
      },
      "version": "6.2.0"
    }
  }
}