{
  "stats": {
    "suites": 1,
    "tests": 3,
    "passes": 2,
    "pending": 0,
    "failures": 1,
    "start": "2025-01-10T18:33:16.641Z",
    "end": "2025-01-10T18:33:39.181Z",
    "duration": 22540,
    "testsRegistered": 3,
    "passPercent": 66.66666666666666,
    "pendingPercent": 0,
    "other": 0,
    "hasOther": false,
    "skipped": 0,
    "hasSkipped": false
  },
  "results": [
    {
      "uuid": "ad3c1ee7-8b32-49f7-8a4f-c6ed445ec132",
      "title": "",
      "fullFile": "cypress/e2e/home.cy.js",
      "file": "cypress/e2e/home.cy.js",
      "beforeHooks": [],
      "afterHooks": [],
      "tests": [],
      "suites": [
        {
          "uuid": "d813669f-2369-4a87-b601-2307f52f3dd7",
          "title": "Test de la page d'accueil",
          "fullFile": "",
          "file": "",
          "beforeHooks": [],
          "afterHooks": [],
          "tests": [
            {
              "title": "devrait charger la page d'accueil correctement",
              "fullTitle": "Test de la page d'accueil devrait charger la page d'accueil correctement",
              "timedOut": null,
              "duration": 509,
              "state": "passed",
              "speed": "fast",
              "pass": true,
              "fail": false,
              "pending": false,
              "context": null,
              "code": "cy.visit('http://localhost:8080');\ncy.get('.main-header').should('exist');\ncy.get('.logo').should('exist');\ncy.get('.nav-center').should('exist');",
              "err": {},
              "uuid": "def6eb4e-edb0-468c-a9c0-dfa9ce71fe06",
              "parentUUID": "d813669f-2369-4a87-b601-2307f52f3dd7",
              "isHook": false,
              "skipped": false
            },
            {
              "title": "devrait pouvoir naviguer vers le formulaire d'ajout",
              "fullTitle": "Test de la page d'accueil devrait pouvoir naviguer vers le formulaire d'ajout",
              "timedOut": null,
              "duration": 8591,
              "state": "passed",
              "speed": "medium",
              "pass": true,
              "fail": false,
              "pending": false,
              "context": null,
              "code": "cy.login();\ncy.get('.nav-center a').contains('Ajouter un Appareil').click();\ncy.url().should('include', '/add-device');",
              "err": {},
              "uuid": "abb774ea-8678-4aa7-9cef-9f13ef6e8de6",
              "parentUUID": "d813669f-2369-4a87-b601-2307f52f3dd7",
              "isHook": false,
              "skipped": false
            },
            {
              "title": "devrait pouvoir ajouter un nouvel appareil",
              "fullTitle": "Test de la page d'accueil devrait pouvoir ajouter un nouvel appareil",
              "timedOut": null,
              "duration": 12617,
              "state": "failed",
              "speed": null,
              "pass": false,
              "fail": true,
              "pending": false,
              "context": null,
              "code": "cy.login();\ncy.get('.nav-center a').contains('Ajouter un Appareil').click();\n// Remplir le formulaire avec les IDs corrects\ncy.get('#name').type('Appareil Test');\ncy.get('#quantity').type('1');\ncy.get('#description').type('Description test');\ncy.get('#image').type('https://example.com/image.jpg');\n// Soumettre le formulaire\ncy.get('button[type=\"submit\"]').click();\n// Vérifier le message de succès\ncy.get('.add-device p').contains('Appareil ajouté avec succès').should('exist');",
              "err": {
                "message": "AssertionError: Timed out retrying after 10000ms: Expected to find element: `#password`, but never found it.",
                "estack": "AssertionError: Timed out retrying after 10000ms: Expected to find element: `#password`, but never found it.\n    at Context.eval (webpack://test_securite/./cypress/support/commands.js:28:5)",
                "diff": null
              },
              "uuid": "2afb458a-e3ff-4a0a-906f-c49f8affbbe2",
              "parentUUID": "d813669f-2369-4a87-b601-2307f52f3dd7",
              "isHook": false,
              "skipped": false
            }
          ],
          "suites": [],
          "passes": [
            "def6eb4e-edb0-468c-a9c0-dfa9ce71fe06",
            "abb774ea-8678-4aa7-9cef-9f13ef6e8de6"
          ],
          "failures": [
            "2afb458a-e3ff-4a0a-906f-c49f8affbbe2"
          ],
          "pending": [],
          "skipped": [],
          "duration": 21717,
          "root": false,
          "rootEmpty": false,
          "_timeout": 2000
        }
      ],
      "passes": [],
      "failures": [],
      "pending": [],
      "skipped": [],
      "duration": 0,
      "root": true,
      "rootEmpty": true,
      "_timeout": 2000
    }
  ],
  "meta": {
    "mocha": {
      "version": "7.0.1"
    },
    "mochawesome": {
      "options": {
        "quiet": false,
        "reportFilename": "mochawesome",
        "saveHtml": true,
        "saveJson": true,
        "consoleReporter": "spec",
        "useInlineDiffs": false,
        "code": true
      },
      "version": "7.1.3"
    },
    "marge": {
      "options": {
        "reportDir": "cypress/reports",
        "overwrite": false,
        "html": true,
        "json": true
      },
      "version": "6.2.0"
    }
  }
}